20:32:24.090 [TestNG-tests-3] INFO  testCases.TC001_AccountRegistrationTest - ****  Starting TC001_AccountRegistrationTest ****
20:32:24.485 [TestNG-tests-3] INFO  testCases.TC001_AccountRegistrationTest - Clicked on MyAccount Link
20:32:25.096 [TestNG-tests-3] INFO  testCases.TC001_AccountRegistrationTest - Clicked on Register Link
20:32:25.097 [TestNG-tests-3] INFO  testCases.TC001_AccountRegistrationTest - Providing Customer Details
20:32:26.453 [TestNG-tests-3] INFO  testCases.TC001_AccountRegistrationTest - Validating excepted message
20:32:26.499 [TestNG-tests-3] INFO  testCases.TC001_AccountRegistrationTest - ***** Finished TC001_AccountRegistrationTest *****
18:30:27.078 [main] INFO  org.testng.internal.Utils - [TestNG] Running:
  D:\Testing class\SeleniumWebDriver\OpencartV121\grid-docker.xml

18:30:27.722 [main] INFO  testCases.TC001_AccountRegistrationTest - ****  Starting TC001_AccountRegistrationTest ****
18:32:57.952 [main] INFO  org.testng.internal.Utils - [TestNG] Running:
  D:\Testing class\SeleniumWebDriver\OpencartV121\grid-docker.xml

18:33:06.483 [main] INFO  testCases.TC001_AccountRegistrationTest - ****  Starting TC001_AccountRegistrationTest ****
18:33:06.754 [main] INFO  testCases.TC001_AccountRegistrationTest - Clicked on MyAccount Link
18:33:08.033 [main] INFO  testCases.TC001_AccountRegistrationTest - Clicked on Register Link
18:33:08.043 [main] INFO  testCases.TC001_AccountRegistrationTest - Providing Customer Details
18:33:10.084 [main] INFO  testCases.TC001_AccountRegistrationTest - Validating excepted message
18:33:10.141 [main] INFO  testCases.TC001_AccountRegistrationTest - ***** Finished TC001_AccountRegistrationTest *****
18:33:18.303 [main] INFO  testCases.TC002_LoginTest - **** Starting TC_002_LoginTest ******
18:33:21.900 [main] INFO  testCases.TC002_LoginTest - **** finished TC_002_LoginTest ******
18:34:45.361 [main] INFO  org.testng.internal.Utils - [TestNG] Running:
  D:\Testing class\SeleniumWebDriver\OpencartV121\grid-docker.xml

18:34:45.951 [main] INFO  testCases.TC001_AccountRegistrationTest - ****  Starting TC001_AccountRegistrationTest ****
18:40:30.844 [main] INFO  org.testng.internal.Utils - [TestNG] Running:
  D:\Testing class\SeleniumWebDriver\OpencartV121\grid-docker.xml

18:40:31.303 [main] INFO  testCases.TC001_AccountRegistrationTest - ****  Starting TC001_AccountRegistrationTest ****
18:41:47.682 [main] INFO  org.testng.internal.Utils - [TestNG] Running:
  D:\Testing class\SeleniumWebDriver\OpencartV121\grid-docker.xml

18:41:59.907 [main] INFO  testCases.TC001_AccountRegistrationTest - ****  Starting TC001_AccountRegistrationTest ****
18:42:00.548 [main] INFO  testCases.TC001_AccountRegistrationTest - Clicked on MyAccount Link
18:42:07.417 [main] INFO  testCases.TC001_AccountRegistrationTest - Clicked on Register Link
18:42:07.445 [main] INFO  testCases.TC001_AccountRegistrationTest - Providing Customer Details
18:42:10.636 [main] INFO  testCases.TC001_AccountRegistrationTest - Validating excepted message
18:42:10.697 [main] INFO  testCases.TC001_AccountRegistrationTest - ***** Finished TC001_AccountRegistrationTest *****
18:49:03.733 [main] INFO  org.testng.internal.Utils - [TestNG] Running:
  D:\Testing class\SeleniumWebDriver\OpencartV121\grid-docker.xml

18:49:26.457 [main] INFO  testCases.TC001_AccountRegistrationTest - ****  Starting TC001_AccountRegistrationTest ****
18:49:30.086 [main] INFO  testCases.TC001_AccountRegistrationTest - Clicked on MyAccount Link
18:49:32.188 [main] INFO  testCases.TC001_AccountRegistrationTest - Clicked on Register Link
18:49:32.192 [main] INFO  testCases.TC001_AccountRegistrationTest - Providing Customer Details
18:49:37.607 [main] INFO  testCases.TC001_AccountRegistrationTest - Validating excepted message
18:49:38.386 [main] INFO  testCases.TC001_AccountRegistrationTest - ***** Finished TC001_AccountRegistrationTest *****
19:38:00.672 [main] INFO  org.testng.internal.Utils - [TestNG] Running:
  D:\Testing class\SeleniumWebDriver\OpencartV121\grid-docker.xml

19:38:17.180 [main] INFO  testCases.TC001_AccountRegistrationTest - ****  Starting TC001_AccountRegistrationTest ****
19:38:17.811 [main] INFO  testCases.TC001_AccountRegistrationTest - Clicked on MyAccount Link
19:38:18.474 [main] INFO  testCases.TC001_AccountRegistrationTest - Clicked on Register Link
19:38:18.484 [main] INFO  testCases.TC001_AccountRegistrationTest - Providing Customer Details
19:38:19.945 [main] INFO  testCases.TC001_AccountRegistrationTest - Validating excepted message
19:38:19.992 [main] INFO  testCases.TC001_AccountRegistrationTest - ***** Finished TC001_AccountRegistrationTest *****
18:53:25.633 [main] INFO  testCases.TC001_AccountRegistrationTest - ****  Starting TC001_AccountRegistrationTest ****
18:53:26.494 [main] INFO  testCases.TC001_AccountRegistrationTest - Clicked on MyAccount Link
18:53:27.225 [main] INFO  testCases.TC001_AccountRegistrationTest - Clicked on Register Link
18:53:27.230 [main] INFO  testCases.TC001_AccountRegistrationTest - Providing Customer Details
